<?xml version="1.0" encoding="UTF-8"?>
<testsuite name="com.example.project.StudentTest" tests="7" skipped="0" failures="0" errors="0" timestamp="2024-10-01T15:51:35" hostname="codespaces-aae57c" time="0.231">
  <properties/>
  <testcase name="testIsPassing()" classname="com.example.project.StudentTest" time="0.134"/>
  <testcase name="testGetLastName()" classname="com.example.project.StudentTest" time="0.001"/>
  <testcase name="testGetFirstName()" classname="com.example.project.StudentTest" time="0.012"/>
  <testcase name="testSAddTestScore()" classname="com.example.project.StudentTest" time="0.012"/>
  <testcase name="testGetHighestTestScore()" classname="com.example.project.StudentTest" time="0.015"/>
  <testcase name="testSetGradYear()" classname="com.example.project.StudentTest" time="0.007"/>
  <testcase name="testAverageTestScore()" classname="com.example.project.StudentTest" time="0.006"/>
  <system-out><![CDATA[]]></system-out>
  <system-err><![CDATA[]]></system-err>
</testsuite>
